03:16:01.361 INFO  [main][DemoSubjectApplication.logStarting(StartupInfoLogger.java:55)] Starting DemoSubjectApplication using Java 17.0.2 on LAPTOP-PSE5O2M2 with PID 14992 (C:\java_project\demo_subject\bin\main started by Vivobook Pro in C:\java_project\demo_subject)
03:16:01.368 INFO  [main][DemoSubjectApplication.logStartupProfileInfo(SpringApplication.java:634)] No active profile set, falling back to 1 default profile: "default"
03:16:02.993 INFO  [main][RepositoryConfigurationDelegate.registerRepositoriesIn(RepositoryConfigurationDelegate.java:132)] Bootstrapping Spring Data JPA repositories in DEFAULT mode.
03:16:03.127 INFO  [main][RepositoryConfigurationDelegate.registerRepositoriesIn(RepositoryConfigurationDelegate.java:201)] Finished Spring Data repository scanning in 110 ms. Found 2 JPA repository interfaces.
03:16:04.575 INFO  [main][TomcatWebServer.initialize(TomcatWebServer.java:108)] Tomcat initialized with port(s): 8080 (http)
03:16:04.596 INFO  [main][Http11NioProtocol.log(DirectJDKLog.java:173)] Initializing ProtocolHandler ["http-nio-8080"]
03:16:04.597 INFO  [main][StandardService.log(DirectJDKLog.java:173)] Starting service [Tomcat]
03:16:04.598 INFO  [main][StandardEngine.log(DirectJDKLog.java:173)] Starting Servlet engine: [Apache Tomcat/9.0.68]
03:16:05.140 INFO  [main][[/].log(DirectJDKLog.java:173)] Initializing Spring embedded WebApplicationContext
03:16:05.141 INFO  [main][ServletWebServerApplicationContext.prepareWebApplicationContext(ServletWebServerApplicationContext.java:292)] Root WebApplicationContext: initialization completed in 3660 ms
03:16:05.491 INFO  [main][HikariDataSource.getConnection(HikariDataSource.java:110)] HikariPool-1 - Starting...
03:16:05.840 INFO  [main][HikariDataSource.getConnection(HikariDataSource.java:123)] HikariPool-1 - Start completed.
03:16:05.998 INFO  [main][LogHelper.logPersistenceUnitInformation(LogHelper.java:31)] HHH000204: Processing PersistenceUnitInfo [name: default]
03:16:06.144 INFO  [main][Version.logVersion(Version.java:44)] HHH000412: Hibernate ORM core version 5.6.12.Final
03:16:06.513 INFO  [main][Version.<clinit>(JavaReflectionManager.java:56)] HCANN000001: Hibernate Commons Annotations {5.1.2.Final}
03:16:06.792 INFO  [main][Dialect.<init>(Dialect.java:175)] HHH000400: Using dialect: org.hibernate.dialect.MySQL8Dialect
03:16:07.798 INFO  [main][JtaPlatformInitiator.initiateService(JtaPlatformInitiator.java:52)] HHH000490: Using JtaPlatform implementation: [org.hibernate.engine.transaction.jta.platform.internal.NoJtaPlatform]
03:16:07.816 INFO  [main][LocalContainerEntityManagerFactoryBean.buildNativeEntityManagerFactory(AbstractEntityManagerFactoryBean.java:437)] Initialized JPA EntityManagerFactory for persistence unit 'default'
03:16:08.877 WARN  [main][JpaBaseConfiguration$JpaWebConfiguration.openEntityManagerInViewInterceptor(JpaBaseConfiguration.java:219)] spring.jpa.open-in-view is enabled by default. Therefore, database queries may be performed during view rendering. Explicitly configure spring.jpa.open-in-view to disable this warning
03:16:09.255 INFO  [main][PropertySourcedRequestMappingHandlerMapping.initHandlerMethods(PropertySourcedRequestMappingHandlerMapping.java:69)] Mapped URL path [/v2/api-docs] onto method [springfox.documentation.swagger2.web.Swagger2Controller#getDocumentation(String, HttpServletRequest)]
03:16:09.903 INFO  [main][Http11NioProtocol.log(DirectJDKLog.java:173)] Starting ProtocolHandler ["http-nio-8080"]
03:16:09.993 INFO  [main][TomcatWebServer.start(TomcatWebServer.java:220)] Tomcat started on port(s): 8080 (http) with context path ''
03:16:09.996 INFO  [main][DocumentationPluginsBootstrapper.start(DocumentationPluginsBootstrapper.java:160)] Context refreshed
03:16:10.064 INFO  [main][DocumentationPluginsBootstrapper.start(DocumentationPluginsBootstrapper.java:163)] Found 1 custom documentation plugin(s)
03:16:10.142 INFO  [main][ApiListingReferenceScanner.scan(ApiListingReferenceScanner.java:41)] Scanning for api listing references
03:16:10.414 INFO  [main][DemoSubjectApplication.logStarted(StartupInfoLogger.java:61)] Started DemoSubjectApplication in 9.801 seconds (JVM running for 11.387)
03:29:42.480 INFO  [main][DemoSubjectApplication.logStarting(StartupInfoLogger.java:55)] Starting DemoSubjectApplication using Java 17.0.2 on LAPTOP-PSE5O2M2 with PID 24996 (C:\java_project\demo_subject\bin\main started by Vivobook Pro in C:\java_project\demo_subject)
03:29:42.496 INFO  [main][DemoSubjectApplication.logStartupProfileInfo(SpringApplication.java:634)] No active profile set, falling back to 1 default profile: "default"
03:29:43.967 INFO  [main][RepositoryConfigurationDelegate.registerRepositoriesIn(RepositoryConfigurationDelegate.java:132)] Bootstrapping Spring Data JPA repositories in DEFAULT mode.
03:29:44.082 INFO  [main][RepositoryConfigurationDelegate.registerRepositoriesIn(RepositoryConfigurationDelegate.java:201)] Finished Spring Data repository scanning in 96 ms. Found 2 JPA repository interfaces.
03:29:45.377 INFO  [main][TomcatWebServer.initialize(TomcatWebServer.java:108)] Tomcat initialized with port(s): 8080 (http)
03:29:45.396 INFO  [main][Http11NioProtocol.log(DirectJDKLog.java:173)] Initializing ProtocolHandler ["http-nio-8080"]
03:29:45.398 INFO  [main][StandardService.log(DirectJDKLog.java:173)] Starting service [Tomcat]
03:29:45.399 INFO  [main][StandardEngine.log(DirectJDKLog.java:173)] Starting Servlet engine: [Apache Tomcat/9.0.68]
03:29:45.897 INFO  [main][[/].log(DirectJDKLog.java:173)] Initializing Spring embedded WebApplicationContext
03:29:45.898 INFO  [main][ServletWebServerApplicationContext.prepareWebApplicationContext(ServletWebServerApplicationContext.java:292)] Root WebApplicationContext: initialization completed in 3306 ms
03:29:46.279 INFO  [main][HikariDataSource.getConnection(HikariDataSource.java:110)] HikariPool-1 - Starting...
03:29:46.627 INFO  [main][HikariDataSource.getConnection(HikariDataSource.java:123)] HikariPool-1 - Start completed.
03:29:46.743 INFO  [main][LogHelper.logPersistenceUnitInformation(LogHelper.java:31)] HHH000204: Processing PersistenceUnitInfo [name: default]
03:29:46.895 INFO  [main][Version.logVersion(Version.java:44)] HHH000412: Hibernate ORM core version 5.6.12.Final
03:29:47.224 INFO  [main][Version.<clinit>(JavaReflectionManager.java:56)] HCANN000001: Hibernate Commons Annotations {5.1.2.Final}
03:29:47.457 INFO  [main][Dialect.<init>(Dialect.java:175)] HHH000400: Using dialect: org.hibernate.dialect.MySQL8Dialect
03:29:48.411 INFO  [main][JtaPlatformInitiator.initiateService(JtaPlatformInitiator.java:52)] HHH000490: Using JtaPlatform implementation: [org.hibernate.engine.transaction.jta.platform.internal.NoJtaPlatform]
03:29:48.429 INFO  [main][LocalContainerEntityManagerFactoryBean.buildNativeEntityManagerFactory(AbstractEntityManagerFactoryBean.java:437)] Initialized JPA EntityManagerFactory for persistence unit 'default'
03:29:49.400 WARN  [main][JpaBaseConfiguration$JpaWebConfiguration.openEntityManagerInViewInterceptor(JpaBaseConfiguration.java:219)] spring.jpa.open-in-view is enabled by default. Therefore, database queries may be performed during view rendering. Explicitly configure spring.jpa.open-in-view to disable this warning
03:29:49.713 INFO  [main][PropertySourcedRequestMappingHandlerMapping.initHandlerMethods(PropertySourcedRequestMappingHandlerMapping.java:69)] Mapped URL path [/v2/api-docs] onto method [springfox.documentation.swagger2.web.Swagger2Controller#getDocumentation(String, HttpServletRequest)]
03:29:50.253 INFO  [main][Http11NioProtocol.log(DirectJDKLog.java:173)] Starting ProtocolHandler ["http-nio-8080"]
03:29:50.305 INFO  [main][TomcatWebServer.start(TomcatWebServer.java:220)] Tomcat started on port(s): 8080 (http) with context path ''
03:29:50.307 INFO  [main][DocumentationPluginsBootstrapper.start(DocumentationPluginsBootstrapper.java:160)] Context refreshed
03:29:50.375 INFO  [main][DocumentationPluginsBootstrapper.start(DocumentationPluginsBootstrapper.java:163)] Found 1 custom documentation plugin(s)
03:29:50.431 INFO  [main][ApiListingReferenceScanner.scan(ApiListingReferenceScanner.java:41)] Scanning for api listing references
03:29:50.744 INFO  [main][DemoSubjectApplication.logStarted(StartupInfoLogger.java:61)] Started DemoSubjectApplication in 8.996 seconds (JVM running for 10.553)
03:39:37.494 INFO  [main][DemoSubjectApplication.logStarting(StartupInfoLogger.java:55)] Starting DemoSubjectApplication using Java 17.0.2 on LAPTOP-PSE5O2M2 with PID 33168 (C:\java_project\demo_subject\bin\main started by Vivobook Pro in C:\java_project\demo_subject)
03:39:37.506 INFO  [main][DemoSubjectApplication.logStartupProfileInfo(SpringApplication.java:634)] No active profile set, falling back to 1 default profile: "default"
03:39:39.064 INFO  [main][RepositoryConfigurationDelegate.registerRepositoriesIn(RepositoryConfigurationDelegate.java:132)] Bootstrapping Spring Data JPA repositories in DEFAULT mode.
03:39:39.186 INFO  [main][RepositoryConfigurationDelegate.registerRepositoriesIn(RepositoryConfigurationDelegate.java:201)] Finished Spring Data repository scanning in 106 ms. Found 2 JPA repository interfaces.
03:39:40.507 INFO  [main][TomcatWebServer.initialize(TomcatWebServer.java:108)] Tomcat initialized with port(s): 8080 (http)
03:39:40.528 INFO  [main][Http11NioProtocol.log(DirectJDKLog.java:173)] Initializing ProtocolHandler ["http-nio-8080"]
03:39:40.530 INFO  [main][StandardService.log(DirectJDKLog.java:173)] Starting service [Tomcat]
03:39:40.530 INFO  [main][StandardEngine.log(DirectJDKLog.java:173)] Starting Servlet engine: [Apache Tomcat/9.0.68]
03:39:41.111 INFO  [main][[/].log(DirectJDKLog.java:173)] Initializing Spring embedded WebApplicationContext
03:39:41.112 INFO  [main][ServletWebServerApplicationContext.prepareWebApplicationContext(ServletWebServerApplicationContext.java:292)] Root WebApplicationContext: initialization completed in 3506 ms
03:39:41.521 INFO  [main][HikariDataSource.getConnection(HikariDataSource.java:110)] HikariPool-1 - Starting...
03:39:41.884 INFO  [main][HikariDataSource.getConnection(HikariDataSource.java:123)] HikariPool-1 - Start completed.
03:39:42.070 INFO  [main][LogHelper.logPersistenceUnitInformation(LogHelper.java:31)] HHH000204: Processing PersistenceUnitInfo [name: default]
03:39:42.189 INFO  [main][Version.logVersion(Version.java:44)] HHH000412: Hibernate ORM core version 5.6.12.Final
03:39:42.518 INFO  [main][Version.<clinit>(JavaReflectionManager.java:56)] HCANN000001: Hibernate Commons Annotations {5.1.2.Final}
03:39:42.757 INFO  [main][Dialect.<init>(Dialect.java:175)] HHH000400: Using dialect: org.hibernate.dialect.MySQL8Dialect
03:39:43.718 INFO  [main][JtaPlatformInitiator.initiateService(JtaPlatformInitiator.java:52)] HHH000490: Using JtaPlatform implementation: [org.hibernate.engine.transaction.jta.platform.internal.NoJtaPlatform]
03:39:43.736 INFO  [main][LocalContainerEntityManagerFactoryBean.buildNativeEntityManagerFactory(AbstractEntityManagerFactoryBean.java:437)] Initialized JPA EntityManagerFactory for persistence unit 'default'
03:39:44.612 WARN  [main][JpaBaseConfiguration$JpaWebConfiguration.openEntityManagerInViewInterceptor(JpaBaseConfiguration.java:219)] spring.jpa.open-in-view is enabled by default. Therefore, database queries may be performed during view rendering. Explicitly configure spring.jpa.open-in-view to disable this warning
03:39:44.889 INFO  [main][PropertySourcedRequestMappingHandlerMapping.initHandlerMethods(PropertySourcedRequestMappingHandlerMapping.java:69)] Mapped URL path [/v2/api-docs] onto method [springfox.documentation.swagger2.web.Swagger2Controller#getDocumentation(String, HttpServletRequest)]
03:39:45.407 INFO  [main][Http11NioProtocol.log(DirectJDKLog.java:173)] Starting ProtocolHandler ["http-nio-8080"]
03:39:45.458 INFO  [main][TomcatWebServer.start(TomcatWebServer.java:220)] Tomcat started on port(s): 8080 (http) with context path ''
03:39:45.461 INFO  [main][DocumentationPluginsBootstrapper.start(DocumentationPluginsBootstrapper.java:160)] Context refreshed
03:39:45.503 INFO  [main][DocumentationPluginsBootstrapper.start(DocumentationPluginsBootstrapper.java:163)] Found 1 custom documentation plugin(s)
03:39:45.566 INFO  [main][ApiListingReferenceScanner.scan(ApiListingReferenceScanner.java:41)] Scanning for api listing references
03:39:45.860 INFO  [main][DemoSubjectApplication.logStarted(StartupInfoLogger.java:61)] Started DemoSubjectApplication in 9.129 seconds (JVM running for 10.673)
19:24:19.743 INFO  [main][DemoSubjectApplication.logStarting(StartupInfoLogger.java:55)] Starting DemoSubjectApplication using Java 17.0.2 on LAPTOP-PSE5O2M2 with PID 21512 (C:\java_project\demo_subject\bin\main started by Vivobook Pro in C:\java_project\demo_subject)
19:24:19.748 INFO  [main][DemoSubjectApplication.logStartupProfileInfo(SpringApplication.java:634)] No active profile set, falling back to 1 default profile: "default"
19:24:20.448 INFO  [main][RepositoryConfigurationDelegate.registerRepositoriesIn(RepositoryConfigurationDelegate.java:132)] Bootstrapping Spring Data JPA repositories in DEFAULT mode.
19:24:20.508 INFO  [main][RepositoryConfigurationDelegate.registerRepositoriesIn(RepositoryConfigurationDelegate.java:201)] Finished Spring Data repository scanning in 49 ms. Found 2 JPA repository interfaces.
19:24:21.088 INFO  [main][TomcatWebServer.initialize(TomcatWebServer.java:108)] Tomcat initialized with port(s): 8080 (http)
19:24:21.097 INFO  [main][Http11NioProtocol.log(DirectJDKLog.java:173)] Initializing ProtocolHandler ["http-nio-8080"]
19:24:21.098 INFO  [main][StandardService.log(DirectJDKLog.java:173)] Starting service [Tomcat]
19:24:21.098 INFO  [main][StandardEngine.log(DirectJDKLog.java:173)] Starting Servlet engine: [Apache Tomcat/9.0.68]
19:24:22.319 INFO  [main][[/].log(DirectJDKLog.java:173)] Initializing Spring embedded WebApplicationContext
19:24:22.319 INFO  [main][ServletWebServerApplicationContext.prepareWebApplicationContext(ServletWebServerApplicationContext.java:292)] Root WebApplicationContext: initialization completed in 2526 ms
19:24:22.467 INFO  [main][HikariDataSource.getConnection(HikariDataSource.java:110)] HikariPool-1 - Starting...
19:24:22.626 INFO  [main][HikariDataSource.getConnection(HikariDataSource.java:123)] HikariPool-1 - Start completed.
19:24:22.684 INFO  [main][LogHelper.logPersistenceUnitInformation(LogHelper.java:31)] HHH000204: Processing PersistenceUnitInfo [name: default]
19:24:22.753 INFO  [main][Version.logVersion(Version.java:44)] HHH000412: Hibernate ORM core version 5.6.12.Final
19:24:22.945 INFO  [main][Version.<clinit>(JavaReflectionManager.java:56)] HCANN000001: Hibernate Commons Annotations {5.1.2.Final}
19:24:23.067 INFO  [main][Dialect.<init>(Dialect.java:175)] HHH000400: Using dialect: org.hibernate.dialect.MySQL8Dialect
19:24:23.528 INFO  [main][JtaPlatformInitiator.initiateService(JtaPlatformInitiator.java:52)] HHH000490: Using JtaPlatform implementation: [org.hibernate.engine.transaction.jta.platform.internal.NoJtaPlatform]
19:24:23.535 INFO  [main][LocalContainerEntityManagerFactoryBean.buildNativeEntityManagerFactory(AbstractEntityManagerFactoryBean.java:437)] Initialized JPA EntityManagerFactory for persistence unit 'default'
19:24:24.056 WARN  [main][JpaBaseConfiguration$JpaWebConfiguration.openEntityManagerInViewInterceptor(JpaBaseConfiguration.java:219)] spring.jpa.open-in-view is enabled by default. Therefore, database queries may be performed during view rendering. Explicitly configure spring.jpa.open-in-view to disable this warning
19:24:24.237 INFO  [main][PropertySourcedRequestMappingHandlerMapping.initHandlerMethods(PropertySourcedRequestMappingHandlerMapping.java:69)] Mapped URL path [/v2/api-docs] onto method [springfox.documentation.swagger2.web.Swagger2Controller#getDocumentation(String, HttpServletRequest)]
19:24:24.560 INFO  [main][Http11NioProtocol.log(DirectJDKLog.java:173)] Starting ProtocolHandler ["http-nio-8080"]
19:24:24.625 INFO  [main][TomcatWebServer.start(TomcatWebServer.java:220)] Tomcat started on port(s): 8080 (http) with context path ''
19:24:24.627 INFO  [main][DocumentationPluginsBootstrapper.start(DocumentationPluginsBootstrapper.java:160)] Context refreshed
19:24:24.658 INFO  [main][DocumentationPluginsBootstrapper.start(DocumentationPluginsBootstrapper.java:163)] Found 1 custom documentation plugin(s)
19:24:24.714 INFO  [main][ApiListingReferenceScanner.scan(ApiListingReferenceScanner.java:41)] Scanning for api listing references
19:24:24.869 INFO  [main][DemoSubjectApplication.logStarted(StartupInfoLogger.java:61)] Started DemoSubjectApplication in 5.435 seconds (JVM running for 10.535)
19:24:55.283 INFO  [http-nio-8080-exec-2][[/].log(DirectJDKLog.java:173)] Initializing Spring DispatcherServlet 'dispatcherServlet'
19:24:55.283 INFO  [http-nio-8080-exec-2][DispatcherServlet.initServletBean(FrameworkServlet.java:525)] Initializing Servlet 'dispatcherServlet'
19:24:55.284 INFO  [http-nio-8080-exec-2][DispatcherServlet.initServletBean(FrameworkServlet.java:547)] Completed initialization in 1 ms
